2024-01-17 11:27:19,348 - train-log - INFO - use cuda
2024-01-17 11:27:19,348 - train-log - INFO - {'max_sequence_length': 256, 'char_dim': 200, 'hidden_size': 400, 'num_gru_layers': 3, 'dropout': 0.3, 'train_epochs': 15, 'batch_size': 125, 'learning_rate': 5e-05, 'log_step': 100, 'train_data_path': 'dataset/train.txt', 'test_data_path': 'dataset/test.txt', 'model_save_path': 'model.pth', 'vocab_path': 'vocab.txt'}
2024-01-17 11:27:34,997 - train-log - INFO - =========
第100步平均loss:1.159166 耗时:9.46s
2024-01-17 11:27:43,899 - train-log - INFO - =========
第200步平均loss:0.976606 耗时:8.90s
2024-01-17 11:27:52,897 - train-log - INFO - =========
第300步平均loss:0.854006 耗时:9.00s
2024-01-17 11:27:57,985 - train-log - INFO - =========
第1轮平均loss:0.804489
2024-01-17 11:28:17,350 - train-log - INFO - 平均正确率: 0.6937356198100375
2024-01-17 11:28:21,181 - train-log - INFO - =========
第400步平均loss:0.511488 耗时:3.83s
2024-01-17 11:28:30,111 - train-log - INFO - =========
第500步平均loss:0.490826 耗时:8.93s
2024-01-17 11:28:38,977 - train-log - INFO - =========
第600步平均loss:0.474260 耗时:8.87s
2024-01-17 11:28:47,913 - train-log - INFO - =========
第700步平均loss:0.457887 耗时:8.94s
2024-01-17 11:28:49,159 - train-log - INFO - =========
第2轮平均loss:0.455966
2024-01-17 11:29:08,481 - train-log - INFO - 平均正确率: 0.7410291585745332
2024-01-17 11:29:16,553 - train-log - INFO - =========
第800步平均loss:0.391460 耗时:7.79s
2024-01-17 11:29:25,549 - train-log - INFO - =========
第900步平均loss:0.382666 耗时:9.00s
2024-01-17 11:29:34,479 - train-log - INFO - =========
第1000步平均loss:0.373473 耗时:8.93s
2024-01-17 11:29:40,780 - train-log - INFO - =========
第3轮平均loss:0.368391
2024-01-17 11:30:00,356 - train-log - INFO - 平均正确率: 0.7613002461133658
2024-01-17 11:30:03,269 - train-log - INFO - =========
第1100步平均loss:0.342911 耗时:2.75s
2024-01-17 11:30:12,223 - train-log - INFO - =========
第1200步平均loss:0.331591 耗时:8.95s
2024-01-17 11:30:21,151 - train-log - INFO - =========
第1300步平均loss:0.326042 耗时:8.93s
2024-01-17 11:30:30,110 - train-log - INFO - =========
第1400步平均loss:0.321619 耗时:8.96s
2024-01-17 11:30:32,601 - train-log - INFO - =========
第4轮平均loss:0.319764
2024-01-17 11:30:52,024 - train-log - INFO - 平均正确率: 0.7705139371780132
2024-01-17 11:30:58,711 - train-log - INFO - =========
第1500步平均loss:0.296606 耗时:6.52s
2024-01-17 11:31:07,769 - train-log - INFO - =========
第1600步平均loss:0.292521 耗时:9.06s
2024-01-17 11:31:16,787 - train-log - INFO - =========
第1700步平均loss:0.289250 耗时:9.02s
2024-01-17 11:31:24,516 - train-log - INFO - =========
第5轮平均loss:0.286888
2024-01-17 11:31:44,313 - train-log - INFO - 平均正确率: 0.7798479576620918
2024-01-17 11:31:45,815 - train-log - INFO - =========
第1800步平均loss:0.267373 耗时:1.38s
2024-01-17 11:31:54,716 - train-log - INFO - =========
第1900步平均loss:0.268049 耗时:8.90s
2024-01-17 11:32:03,651 - train-log - INFO - =========
第2000步平均loss:0.265288 耗时:8.93s
2024-01-17 11:32:12,590 - train-log - INFO - =========
第2100步平均loss:0.262402 耗时:8.94s
2024-01-17 11:32:16,305 - train-log - INFO - =========
第6轮平均loss:0.261160
2024-01-17 11:32:35,862 - train-log - INFO - 平均正确率: 0.7859370135318589
2024-01-17 11:32:41,420 - train-log - INFO - =========
第2200步平均loss:0.244574 耗时:5.42s
2024-01-17 11:32:50,338 - train-log - INFO - =========
第2300步平均loss:0.244053 耗时:8.92s
2024-01-17 11:32:59,305 - train-log - INFO - =========
第2400步平均loss:0.241998 耗时:8.97s
2024-01-17 11:33:08,157 - train-log - INFO - =========
第7轮平均loss:0.241786
2024-01-17 11:33:27,532 - train-log - INFO - 平均正确率: 0.7891236582623741
2024-01-17 11:33:27,825 - train-log - INFO - =========
第2500步平均loss:0.234123 耗时:0.16s
2024-01-17 11:33:36,801 - train-log - INFO - =========
第2600步平均loss:0.227954 耗时:8.98s
2024-01-17 11:33:45,732 - train-log - INFO - =========
第2700步平均loss:0.226110 耗时:8.93s
2024-01-17 11:33:54,654 - train-log - INFO - =========
第2800步平均loss:0.226149 耗时:8.92s
2024-01-17 11:33:59,661 - train-log - INFO - =========
第8轮平均loss:0.225231
2024-01-17 11:34:19,179 - train-log - INFO - 平均正确率: 0.792703938718602
2024-01-17 11:34:23,444 - train-log - INFO - =========
第2900步平均loss:0.214554 耗时:4.12s
2024-01-17 11:34:32,654 - train-log - INFO - =========
第3000步平均loss:0.215042 耗时:9.21s
2024-01-17 11:34:41,945 - train-log - INFO - =========
第3100步平均loss:0.213782 耗时:9.29s
2024-01-17 11:34:51,086 - train-log - INFO - =========
第3200步平均loss:0.211358 耗时:9.14s
2024-01-17 11:34:52,250 - train-log - INFO - =========
第9轮平均loss:0.211040
2024-01-17 11:35:11,605 - train-log - INFO - 平均正确率: 0.7952002990500872
2024-01-17 11:35:19,683 - train-log - INFO - =========
第3300步平均loss:0.203059 耗时:7.93s
2024-01-17 11:35:28,737 - train-log - INFO - =========
第3400步平均loss:0.200947 耗时:9.05s
2024-01-17 11:35:37,790 - train-log - INFO - =========
第3500步平均loss:0.199266 耗时:9.05s
2024-01-17 11:35:44,136 - train-log - INFO - =========
第10轮平均loss:0.198440
2024-01-17 11:36:03,667 - train-log - INFO - 平均正确率: 0.7987850713863017
2024-01-17 11:36:06,533 - train-log - INFO - =========
第3600步平均loss:0.188479 耗时:2.73s
2024-01-17 11:36:15,482 - train-log - INFO - =========
第3700步平均loss:0.187313 耗时:8.95s
2024-01-17 11:36:24,443 - train-log - INFO - =========
第3800步平均loss:0.188615 耗时:8.96s
2024-01-17 11:36:33,368 - train-log - INFO - =========
第3900步平均loss:0.187906 耗时:8.93s
2024-01-17 11:36:35,780 - train-log - INFO - =========
第11轮平均loss:0.187539
2024-01-17 11:36:55,355 - train-log - INFO - 平均正确率: 0.7984157156761141
2024-01-17 11:37:02,244 - train-log - INFO - =========
第4000步平均loss:0.181132 耗时:6.75s
2024-01-17 11:37:11,367 - train-log - INFO - =========
第4100步平均loss:0.179570 耗时:9.12s
2024-01-17 11:37:20,458 - train-log - INFO - =========
第4200步平均loss:0.178856 耗时:9.09s
2024-01-17 11:37:28,120 - train-log - INFO - =========
第12轮平均loss:0.177804
2024-01-17 11:37:49,247 - train-log - INFO - 平均正确率: 0.8022971525259571
2024-01-17 11:37:50,892 - train-log - INFO - =========
第4300步平均loss:0.173528 耗时:1.50s
2024-01-17 11:38:00,066 - train-log - INFO - =========
第4400步平均loss:0.170538 耗时:9.17s
2024-01-17 11:38:09,281 - train-log - INFO - =========
第4500步平均loss:0.170118 耗时:9.21s
2024-01-17 11:38:18,417 - train-log - INFO - =========
第4600步平均loss:0.169167 耗时:9.14s
2024-01-17 11:38:22,096 - train-log - INFO - =========
第13轮平均loss:0.169234
2024-01-17 11:38:42,314 - train-log - INFO - 平均正确率: 0.8004431241287926
2024-01-17 11:38:48,040 - train-log - INFO - =========
第4700步平均loss:0.162507 耗时:5.58s
2024-01-17 11:38:57,113 - train-log - INFO - =========
第4800步平均loss:0.161819 耗时:9.07s
2024-01-17 11:39:06,360 - train-log - INFO - =========
第4900步平均loss:0.160147 耗时:9.25s
2024-01-17 11:39:15,829 - train-log - INFO - =========
第14轮平均loss:0.160478
2024-01-17 11:39:37,387 - train-log - INFO - 平均正确率: 0.8022586883360846
2024-01-17 11:39:37,756 - train-log - INFO - =========
第5000步平均loss:0.153456 耗时:0.22s
2024-01-17 11:39:47,353 - train-log - INFO - =========
第5100步平均loss:0.154490 耗时:9.60s
2024-01-17 11:39:56,698 - train-log - INFO - =========
第5200步平均loss:0.154824 耗时:9.34s
2024-01-17 11:40:05,719 - train-log - INFO - =========
第5300步平均loss:0.153193 耗时:9.02s
2024-01-17 11:40:10,721 - train-log - INFO - =========
第15轮平均loss:0.152559
2024-01-17 11:40:30,515 - train-log - INFO - 平均正确率: 0.8062898200334686
